[debug] [2024-02-17T10:40:25.702Z] ----------------------------------------------------------------------
[debug] [2024-02-17T10:40:25.703Z] Command:       C:\Program Files\nodejs\node.exe C:\Users\trupt\AppData\Roaming\npm\node_modules\firebase-tools\lib\bin\firebase.js login
[debug] [2024-02-17T10:40:25.704Z] CLI Version:   13.3.0
[debug] [2024-02-17T10:40:25.704Z] Platform:      win32
[debug] [2024-02-17T10:40:25.704Z] Node Version:  v18.17.0
[debug] [2024-02-17T10:40:25.705Z] Time:          Sat Feb 17 2024 16:10:25 GMT+0530 (India Standard Time)
[debug] [2024-02-17T10:40:25.705Z] ----------------------------------------------------------------------
[debug] 
[debug] [2024-02-17T10:40:25.708Z] >>> [apiv2][query] GET https://firebase-public.firebaseio.com/cli.json [none]
[info] i  Firebase optionally collects CLI and Emulator Suite usage and error reporting information to help improve our products. Data is collected in accordance with Google's privacy policy (https://policies.google.com/privacy) and is not used to identify you.
 
[debug] [2024-02-17T10:40:26.645Z] <<< [apiv2][status] GET https://firebase-public.firebaseio.com/cli.json 200
[debug] [2024-02-17T10:40:26.646Z] <<< [apiv2][body] GET https://firebase-public.firebaseio.com/cli.json {"cloudBuildErrorAfter":1594252800000,"cloudBuildWarnAfter":1590019200000,"defaultNode10After":1594252800000,"minVersion":"3.0.5","node8DeploysDisabledAfter":1613390400000,"node8RuntimeDisabledAfter":1615809600000,"node8WarnAfter":1600128000000}
[warn] !  Unable to fetch the CLI MOTD and remote config. This is not a fatal error, but may indicate an issue with your network connection. 
[debug] [2024-02-17T10:40:26.647Z] Failed to fetch MOTD Error: EPERM: operation not permitted, mkdir 'C:\Users\trupt\.config\configstore'
[debug] [2024-02-17T10:40:55.258Z] Error: EPERM: operation not permitted, mkdir 'C:\Users\trupt\.config\configstore'
    at Object.mkdirSync (node:fs:1398:3)
    at module.exports.sync (C:\Users\trupt\AppData\Roaming\npm\node_modules\firebase-tools\node_modules\make-dir\index.js:114:6)
    at set all [as all] (C:\Users\trupt\AppData\Roaming\npm\node_modules\firebase-tools\node_modules\configstore\index.js:59:12)
    at Configstore.set (C:\Users\trupt\AppData\Roaming\npm\node_modules\firebase-tools\node_modules\configstore\index.js:91:12)
    at Command.actionFn (C:\Users\trupt\AppData\Roaming\npm\node_modules\firebase-tools\lib\commands\login.js:37:35)
    at process.processTicksAndRejections (node:internal/process/task_queues:95:5)
[error] 
[error] Error: An unexpected error has occurred.
[debug] [2024-02-17T10:40:55.523Z] Error: EPERM: operation not permitted, mkdir 'C:\Users\trupt\.config\configstore'
    at Object.mkdirSync (node:fs:1398:3)
    at module.exports.sync (C:\Users\trupt\AppData\Roaming\npm\node_modules\firebase-tools\node_modules\make-dir\index.js:114:6)
    at set all [as all] (C:\Users\trupt\AppData\Roaming\npm\node_modules\firebase-tools\node_modules\configstore\index.js:59:12)
    at Configstore.set (C:\Users\trupt\AppData\Roaming\npm\node_modules\firebase-tools\node_modules\configstore\index.js:91:12)
    at process.<anonymous> (C:\Users\trupt\AppData\Roaming\npm\node_modules\firebase-tools\lib\bin\firebase.js:102:35)
    at process.emit (node:events:526:35)
    at process.emit (node:domain:489:12)
    at process.exit (node:internal/process/per_thread:192:15)
    at Timeout._onTimeout (C:\Users\trupt\AppData\Roaming\npm\node_modules\firebase-tools\lib\errorOut.js:20:17)
    at listOnTimeout (node:internal/timers:569:17)
[error] 
[error] Error: An unexpected error has occurred.
[debug] [2024-02-17T10:40:59.344Z] ----------------------------------------------------------------------
[debug] [2024-02-17T10:40:59.346Z] Command:       C:\Program Files\nodejs\node.exe C:\Users\trupt\AppData\Roaming\npm\node_modules\firebase-tools\lib\bin\firebase.js login
[debug] [2024-02-17T10:40:59.346Z] CLI Version:   13.3.0
[debug] [2024-02-17T10:40:59.347Z] Platform:      win32
[debug] [2024-02-17T10:40:59.347Z] Node Version:  v18.17.0
[debug] [2024-02-17T10:40:59.347Z] Time:          Sat Feb 17 2024 16:10:59 GMT+0530 (India Standard Time)
[debug] [2024-02-17T10:40:59.347Z] ----------------------------------------------------------------------
[debug] 
[debug] [2024-02-17T10:40:59.350Z] >>> [apiv2][query] GET https://firebase-public.firebaseio.com/cli.json [none]
[info] i  Firebase optionally collects CLI and Emulator Suite usage and error reporting information to help improve our products. Data is collected in accordance with Google's privacy policy (https://policies.google.com/privacy) and is not used to identify you.
 
[debug] [2024-02-17T10:41:00.287Z] <<< [apiv2][status] GET https://firebase-public.firebaseio.com/cli.json 200
[debug] [2024-02-17T10:41:00.287Z] <<< [apiv2][body] GET https://firebase-public.firebaseio.com/cli.json {"cloudBuildErrorAfter":1594252800000,"cloudBuildWarnAfter":1590019200000,"defaultNode10After":1594252800000,"minVersion":"3.0.5","node8DeploysDisabledAfter":1613390400000,"node8RuntimeDisabledAfter":1615809600000,"node8WarnAfter":1600128000000}
[warn] !  Unable to fetch the CLI MOTD and remote config. This is not a fatal error, but may indicate an issue with your network connection. 
[debug] [2024-02-17T10:41:00.289Z] Failed to fetch MOTD Error: EPERM: operation not permitted, mkdir 'C:\Users\trupt\.config\configstore'
[debug] [2024-02-17T10:41:07.002Z] Error: EPERM: operation not permitted, mkdir 'C:\Users\trupt\.config\configstore'
    at Object.mkdirSync (node:fs:1398:3)
    at module.exports.sync (C:\Users\trupt\AppData\Roaming\npm\node_modules\firebase-tools\node_modules\make-dir\index.js:114:6)
    at set all [as all] (C:\Users\trupt\AppData\Roaming\npm\node_modules\firebase-tools\node_modules\configstore\index.js:59:12)
    at Configstore.set (C:\Users\trupt\AppData\Roaming\npm\node_modules\firebase-tools\node_modules\configstore\index.js:91:12)
    at Command.actionFn (C:\Users\trupt\AppData\Roaming\npm\node_modules\firebase-tools\lib\commands\login.js:37:35)
    at process.processTicksAndRejections (node:internal/process/task_queues:95:5)
[error] 
[error] Error: An unexpected error has occurred.
[debug] [2024-02-17T10:41:07.268Z] Error: EPERM: operation not permitted, mkdir 'C:\Users\trupt\.config\configstore'
    at Object.mkdirSync (node:fs:1398:3)
    at module.exports.sync (C:\Users\trupt\AppData\Roaming\npm\node_modules\firebase-tools\node_modules\make-dir\index.js:114:6)
    at set all [as all] (C:\Users\trupt\AppData\Roaming\npm\node_modules\firebase-tools\node_modules\configstore\index.js:59:12)
    at Configstore.set (C:\Users\trupt\AppData\Roaming\npm\node_modules\firebase-tools\node_modules\configstore\index.js:91:12)
    at process.<anonymous> (C:\Users\trupt\AppData\Roaming\npm\node_modules\firebase-tools\lib\bin\firebase.js:102:35)
    at process.emit (node:events:526:35)
    at process.emit (node:domain:489:12)
    at process.exit (node:internal/process/per_thread:192:15)
    at Timeout._onTimeout (C:\Users\trupt\AppData\Roaming\npm\node_modules\firebase-tools\lib\errorOut.js:20:17)
    at listOnTimeout (node:internal/timers:569:17)
[error] 
[error] Error: An unexpected error has occurred.
[debug] [2024-02-17T10:42:53.986Z] ----------------------------------------------------------------------
[debug] [2024-02-17T10:42:53.988Z] Command:       C:\Program Files\nodejs\node.exe C:\Users\trupt\AppData\Roaming\npm\node_modules\firebase-tools\lib\bin\firebase.js login
[debug] [2024-02-17T10:42:53.988Z] CLI Version:   13.3.0
[debug] [2024-02-17T10:42:53.989Z] Platform:      win32
[debug] [2024-02-17T10:42:53.989Z] Node Version:  v18.17.0
[debug] [2024-02-17T10:42:53.989Z] Time:          Sat Feb 17 2024 16:12:53 GMT+0530 (India Standard Time)
[debug] [2024-02-17T10:42:53.990Z] ----------------------------------------------------------------------
[debug] 
[debug] [2024-02-17T10:42:53.992Z] >>> [apiv2][query] GET https://firebase-public.firebaseio.com/cli.json [none]
[info] i  Firebase optionally collects CLI and Emulator Suite usage and error reporting information to help improve our products. Data is collected in accordance with Google's privacy policy (https://policies.google.com/privacy) and is not used to identify you.
 
[debug] [2024-02-17T10:42:54.058Z] Error: EPERM: operation not permitted, mkdir 'C:\Users\trupt\.config\configstore'
    at Object.mkdirSync (node:fs:1398:3)
    at module.exports.sync (C:\Users\trupt\AppData\Roaming\npm\node_modules\firebase-tools\node_modules\make-dir\index.js:114:6)
    at set all [as all] (C:\Users\trupt\AppData\Roaming\npm\node_modules\firebase-tools\node_modules\configstore\index.js:59:12)
    at Configstore.set (C:\Users\trupt\AppData\Roaming\npm\node_modules\firebase-tools\node_modules\configstore\index.js:91:12)
    at Command.actionFn (C:\Users\trupt\AppData\Roaming\npm\node_modules\firebase-tools\lib\commands\login.js:37:35)
    at process.processTicksAndRejections (node:internal/process/task_queues:95:5)
[error] 
[error] Error: An unexpected error has occurred.
[debug] [2024-02-17T10:42:54.324Z] Error: EPERM: operation not permitted, mkdir 'C:\Users\trupt\.config\configstore'
    at Object.mkdirSync (node:fs:1398:3)
    at module.exports.sync (C:\Users\trupt\AppData\Roaming\npm\node_modules\firebase-tools\node_modules\make-dir\index.js:114:6)
    at set all [as all] (C:\Users\trupt\AppData\Roaming\npm\node_modules\firebase-tools\node_modules\configstore\index.js:59:12)
    at Configstore.set (C:\Users\trupt\AppData\Roaming\npm\node_modules\firebase-tools\node_modules\configstore\index.js:91:12)
    at process.<anonymous> (C:\Users\trupt\AppData\Roaming\npm\node_modules\firebase-tools\lib\bin\firebase.js:102:35)
    at process.emit (node:events:526:35)
    at process.emit (node:domain:489:12)
    at process.exit (node:internal/process/per_thread:192:15)
    at Timeout._onTimeout (C:\Users\trupt\AppData\Roaming\npm\node_modules\firebase-tools\lib\errorOut.js:20:17)
    at listOnTimeout (node:internal/timers:569:17)
[error] 
[error] Error: An unexpected error has occurred.
[debug] [2024-02-17T10:43:02.494Z] ----------------------------------------------------------------------
[debug] [2024-02-17T10:43:02.496Z] Command:       C:\Program Files\nodejs\node.exe C:\Users\trupt\AppData\Roaming\npm\node_modules\firebase-tools\lib\bin\firebase.js login
[debug] [2024-02-17T10:43:02.496Z] CLI Version:   13.3.0
[debug] [2024-02-17T10:43:02.496Z] Platform:      win32
[debug] [2024-02-17T10:43:02.497Z] Node Version:  v18.17.0
[debug] [2024-02-17T10:43:02.497Z] Time:          Sat Feb 17 2024 16:13:02 GMT+0530 (India Standard Time)
[debug] [2024-02-17T10:43:02.497Z] ----------------------------------------------------------------------
[debug] 
[debug] [2024-02-17T10:43:02.500Z] >>> [apiv2][query] GET https://firebase-public.firebaseio.com/cli.json [none]
[info] i  Firebase optionally collects CLI and Emulator Suite usage and error reporting information to help improve our products. Data is collected in accordance with Google's privacy policy (https://policies.google.com/privacy) and is not used to identify you.
 
[debug] [2024-02-17T10:43:03.418Z] <<< [apiv2][status] GET https://firebase-public.firebaseio.com/cli.json 200
[debug] [2024-02-17T10:43:03.419Z] <<< [apiv2][body] GET https://firebase-public.firebaseio.com/cli.json {"cloudBuildErrorAfter":1594252800000,"cloudBuildWarnAfter":1590019200000,"defaultNode10After":1594252800000,"minVersion":"3.0.5","node8DeploysDisabledAfter":1613390400000,"node8RuntimeDisabledAfter":1615809600000,"node8WarnAfter":1600128000000}
[warn] !  Unable to fetch the CLI MOTD and remote config. This is not a fatal error, but may indicate an issue with your network connection. 
[debug] [2024-02-17T10:43:03.420Z] Failed to fetch MOTD Error: EPERM: operation not permitted, mkdir 'C:\Users\trupt\.config\configstore'
[debug] [2024-02-17T10:43:04.446Z] Error: EPERM: operation not permitted, mkdir 'C:\Users\trupt\.config\configstore'
    at Object.mkdirSync (node:fs:1398:3)
    at module.exports.sync (C:\Users\trupt\AppData\Roaming\npm\node_modules\firebase-tools\node_modules\make-dir\index.js:114:6)
    at set all [as all] (C:\Users\trupt\AppData\Roaming\npm\node_modules\firebase-tools\node_modules\configstore\index.js:59:12)
    at Configstore.set (C:\Users\trupt\AppData\Roaming\npm\node_modules\firebase-tools\node_modules\configstore\index.js:91:12)
    at Command.actionFn (C:\Users\trupt\AppData\Roaming\npm\node_modules\firebase-tools\lib\commands\login.js:37:35)
    at process.processTicksAndRejections (node:internal/process/task_queues:95:5)
[error] 
[error] Error: An unexpected error has occurred.
[debug] [2024-02-17T10:43:04.721Z] Error: EPERM: operation not permitted, mkdir 'C:\Users\trupt\.config\configstore'
    at Object.mkdirSync (node:fs:1398:3)
    at module.exports.sync (C:\Users\trupt\AppData\Roaming\npm\node_modules\firebase-tools\node_modules\make-dir\index.js:114:6)
    at set all [as all] (C:\Users\trupt\AppData\Roaming\npm\node_modules\firebase-tools\node_modules\configstore\index.js:59:12)
    at Configstore.set (C:\Users\trupt\AppData\Roaming\npm\node_modules\firebase-tools\node_modules\configstore\index.js:91:12)
    at process.<anonymous> (C:\Users\trupt\AppData\Roaming\npm\node_modules\firebase-tools\lib\bin\firebase.js:102:35)
    at process.emit (node:events:526:35)
    at process.emit (node:domain:489:12)
    at process.exit (node:internal/process/per_thread:192:15)
    at Timeout._onTimeout (C:\Users\trupt\AppData\Roaming\npm\node_modules\firebase-tools\lib\errorOut.js:20:17)
    at listOnTimeout (node:internal/timers:569:17)
[error] 
[error] Error: An unexpected error has occurred.
[debug] [2024-02-17T10:43:09.367Z] ----------------------------------------------------------------------
[debug] [2024-02-17T10:43:09.369Z] Command:       C:\Program Files\nodejs\node.exe C:\Users\trupt\AppData\Roaming\npm\node_modules\firebase-tools\lib\bin\firebase.js login --interactive
[debug] [2024-02-17T10:43:09.369Z] CLI Version:   13.3.0
[debug] [2024-02-17T10:43:09.370Z] Platform:      win32
[debug] [2024-02-17T10:43:09.370Z] Node Version:  v18.17.0
[debug] [2024-02-17T10:43:09.371Z] Time:          Sat Feb 17 2024 16:13:09 GMT+0530 (India Standard Time)
[debug] [2024-02-17T10:43:09.371Z] ----------------------------------------------------------------------
[debug] 
[debug] [2024-02-17T10:43:09.373Z] >>> [apiv2][query] GET https://firebase-public.firebaseio.com/cli.json [none]
[info] i  Firebase optionally collects CLI and Emulator Suite usage and error reporting information to help improve our products. Data is collected in accordance with Google's privacy policy (https://policies.google.com/privacy) and is not used to identify you.
 
[debug] [2024-02-17T10:43:10.302Z] <<< [apiv2][status] GET https://firebase-public.firebaseio.com/cli.json 200
[debug] [2024-02-17T10:43:10.303Z] <<< [apiv2][body] GET https://firebase-public.firebaseio.com/cli.json {"cloudBuildErrorAfter":1594252800000,"cloudBuildWarnAfter":1590019200000,"defaultNode10After":1594252800000,"minVersion":"3.0.5","node8DeploysDisabledAfter":1613390400000,"node8RuntimeDisabledAfter":1615809600000,"node8WarnAfter":1600128000000}
[warn] !  Unable to fetch the CLI MOTD and remote config. This is not a fatal error, but may indicate an issue with your network connection. 
[debug] [2024-02-17T10:43:10.304Z] Failed to fetch MOTD Error: EPERM: operation not permitted, mkdir 'C:\Users\trupt\.config\configstore'
[debug] [2024-02-17T10:43:20.161Z] Error: EPERM: operation not permitted, mkdir 'C:\Users\trupt\.config\configstore'
    at Object.mkdirSync (node:fs:1398:3)
    at module.exports.sync (C:\Users\trupt\AppData\Roaming\npm\node_modules\firebase-tools\node_modules\make-dir\index.js:114:6)
    at set all [as all] (C:\Users\trupt\AppData\Roaming\npm\node_modules\firebase-tools\node_modules\configstore\index.js:59:12)
    at Configstore.set (C:\Users\trupt\AppData\Roaming\npm\node_modules\firebase-tools\node_modules\configstore\index.js:91:12)
    at Command.actionFn (C:\Users\trupt\AppData\Roaming\npm\node_modules\firebase-tools\lib\commands\login.js:37:35)
    at process.processTicksAndRejections (node:internal/process/task_queues:95:5)
[error] 
[error] Error: An unexpected error has occurred.
[debug] [2024-02-17T10:43:20.429Z] Error: EPERM: operation not permitted, mkdir 'C:\Users\trupt\.config\configstore'
    at Object.mkdirSync (node:fs:1398:3)
    at module.exports.sync (C:\Users\trupt\AppData\Roaming\npm\node_modules\firebase-tools\node_modules\make-dir\index.js:114:6)
    at set all [as all] (C:\Users\trupt\AppData\Roaming\npm\node_modules\firebase-tools\node_modules\configstore\index.js:59:12)
    at Configstore.set (C:\Users\trupt\AppData\Roaming\npm\node_modules\firebase-tools\node_modules\configstore\index.js:91:12)
    at process.<anonymous> (C:\Users\trupt\AppData\Roaming\npm\node_modules\firebase-tools\lib\bin\firebase.js:102:35)
    at process.emit (node:events:526:35)
    at process.emit (node:domain:489:12)
    at process.exit (node:internal/process/per_thread:192:15)
    at Timeout._onTimeout (C:\Users\trupt\AppData\Roaming\npm\node_modules\firebase-tools\lib\errorOut.js:20:17)
    at listOnTimeout (node:internal/timers:569:17)
[error] 
[error] Error: An unexpected error has occurred.
